\BOOKMARK [0][-]{chapter.1}{\376\377\000D\000e\000s\000c\000r\000i\000p\000t\000i\000o\000n}{}% 1
\BOOKMARK [0][-]{chapter.2}{\376\377\000D\000a\000t\000a\000\040\000f\000o\000r\000m\000a\000t\000s}{}% 2
\BOOKMARK [1][-]{section.2.1}{\376\377\000f\000i\000t\000s}{chapter.2}% 3
\BOOKMARK [1][-]{section.2.2}{\376\377\000h\000d\000f\0005}{chapter.2}% 4
\BOOKMARK [0][-]{chapter.3}{\376\377\000U\000s\000e\000r\000'\000s\000\040\000i\000n\000t\000e\000r\000f\000a\000c\000e\000s}{}% 5
\BOOKMARK [1][-]{section.3.1}{\376\377\000T\000e\000x\000t\000\040\000u\000s\000e\000r\000'\000s\000\040\000i\000n\000t\000e\000r\000f\000a\000c\000e}{chapter.3}% 6
\BOOKMARK [1][-]{section.3.2}{\376\377\000G\000r\000a\000p\000h\000i\000c\000a\000l\000\040\000u\000s\000e\000r\000'\000s\000\040\000i\000n\000t\000e\000r\000f\000a\000c\000e}{chapter.3}% 7
\BOOKMARK [0][-]{chapter.4}{\376\377\000F\000l\000a\000g\000g\000i\000n\000g}{}% 8
\BOOKMARK [1][-]{section.4.1}{\376\377\000M\000a\000n\000u\000a\000l\000\040\000f\000l\000a\000g\000g\000i\000n\000g}{chapter.4}% 9
\BOOKMARK [1][-]{section.4.2}{\376\377\000A\000u\000t\000o\000\040\000R\000F\000I\000\040\000d\000e\000t\000e\000c\000t\000i\000o\000n}{chapter.4}% 10
\BOOKMARK [1][-]{section.4.3}{\376\377\000A\000u\000t\000o\000m\000a\000t\000i\000c\000\040\000R\000F\000I\000\040\000D\000e\000t\000e\000c\000t\000i\000o\000n\000\040\000A\000l\000g\000o\000r\000i\000t\000h\000m\000s}{chapter.4}% 11
\BOOKMARK [0][-]{chapter.5}{\376\377\000B\000a\000n\000d\000\040\000P\000a\000s\000s\000\040\000C\000o\000r\000r\000e\000c\000t\000i\000o\000n}{}% 12
\BOOKMARK [1][-]{section.5.1}{\376\377\000T\000e\000x\000t\000\040\000u\000s\000e\000r\000'\000s\000\040\000i\000n\000t\000e\000r\000f\000a\000c\000e}{chapter.5}% 13
\BOOKMARK [1][-]{section.5.2}{\376\377\000G\000r\000a\000p\000h\000i\000c\000a\000l\000\040\000u\000s\000e\000r\000'\000s\000\040\000i\000n\000t\000e\000r\000f\000a\000c\000e}{chapter.5}% 14
\BOOKMARK [1][-]{section.5.3}{\376\377\000C\000o\000r\000r\000e\000c\000t\000i\000o\000n\000\040\000f\000i\000l\000e}{chapter.5}% 15
\BOOKMARK [0][-]{chapter.6}{\376\377\000G\000N\000U\000\040\000G\000e\000n\000e\000r\000a\000l\000\040\000P\000u\000b\000l\000i\000c\000\040\000L\000i\000c\000e\000n\000s\000e}{}% 16
\BOOKMARK [1][-]{section.6.1}{\376\377\000P\000r\000e\000a\000m\000b\000l\000e}{chapter.6}% 17
\BOOKMARK [1][-]{section.6.2}{\376\377\000T\000E\000R\000M\000S\000\040\000A\000N\000D\000\040\000C\000O\000N\000D\000I\000T\000I\000O\000N\000S}{chapter.6}% 18
\BOOKMARK [1][-]{section.6.3}{\376\377\000H\000o\000w\000\040\000t\000o\000\040\000A\000p\000p\000l\000y\000\040\000T\000h\000e\000s\000e\000\040\000T\000e\000r\000m\000s\000\040\000t\000o\000\040\000Y\000o\000u\000r\000\040\000N\000e\000w\000\040\000P\000r\000o\000g\000r\000a\000m\000s}{chapter.6}% 19
\BOOKMARK [0][-]{chapter.7}{\376\377\000S\000e\000a\000r\000c\000h\000:}{}% 20
